<?xml version="1.0" encoding="UTF-8"?>
<testng-results skipped="0" failed="0" ignored="0" total="1" passed="1">
  <reporter-output>
  </reporter-output>
  <suite name="Feature Suite 4.4" duration-ms="69801" started-at="2018-07-02T07:51:43Z" finished-at="2018-07-02T07:52:52Z">
    <groups>
    </groups>
    <test name="File  Module Online Office " duration-ms="69801" started-at="2018-07-02T07:51:43Z" finished-at="2018-07-02T07:52:52Z">
      <class name="com.highq.test.siteAdmin.SiteAdmin_TC0041">
        <test-method status="PASS" signature="backupTestOutput()[pri:0, instance:com.highq.test.siteAdmin.SiteAdmin_TC0041@4b23c30a]" name="backupTestOutput" is-config="true" duration-ms="204" started-at="2018-07-02T13:21:42Z" finished-at="2018-07-02T13:21:43Z">
          <reporter-output>
          </reporter-output>
        </test-method> <!-- backupTestOutput -->
        <test-method status="PASS" signature="initializeDBParameter(java.lang.String, java.lang.String, java.lang.String, java.lang.String, java.lang.String, java.lang.String)[pri:0, instance:com.highq.test.siteAdmin.SiteAdmin_TC0041@4b23c30a]" name="initializeDBParameter" is-config="true" duration-ms="2" started-at="2018-07-02T13:21:43Z" finished-at="2018-07-02T13:21:43Z">
          <params>
            <param index="0">
              <value>
                <![CDATA[db5.prod.hqdev.india]]>
              </value>
            </param>
            <param index="1">
              <value>
                <![CDATA[1501]]>
              </value>
            </param>
            <param index="2">
              <value>
                <![CDATA[sa]]>
              </value>
            </param>
            <param index="3">
              <value>
                <![CDATA[Welcome123]]>
              </value>
            </param>
            <param index="4">
              <value>
                <![CDATA[Welcome123]]>
              </value>
            </param>
            <param index="5">
              <value>
                <![CDATA[collabscrum14]]>
              </value>
            </param>
          </params>
          <reporter-output>
          </reporter-output>
        </test-method> <!-- initializeDBParameter -->
        <test-method status="PASS" signature="initializeTestBaseSetup(java.lang.String, java.lang.String)[pri:0, instance:com.highq.test.siteAdmin.SiteAdmin_TC0041@4b23c30a]" name="initializeTestBaseSetup" is-config="true" duration-ms="4890" started-at="2018-07-02T13:21:43Z" finished-at="2018-07-02T13:21:47Z">
          <params>
            <param index="0">
              <value>
                <![CDATA[chrome]]>
              </value>
            </param>
            <param index="1">
              <value>
                <![CDATA[http://collabscrum14.hqdev.highq.com/collabscrum14]]>
              </value>
            </param>
          </params>
          <reporter-output>
          </reporter-output>
        </test-method> <!-- initializeTestBaseSetup -->
        <test-method status="PASS" signature="setUp()[pri:0, instance:com.highq.test.siteAdmin.SiteAdmin_TC0041@4b23c30a]" name="setUp" is-config="true" duration-ms="2079" started-at="2018-07-02T13:21:47Z" finished-at="2018-07-02T13:21:50Z">
          <reporter-output>
          </reporter-output>
        </test-method> <!-- setUp -->
        <test-method status="PASS" signature="TC0041()[pri:1, instance:com.highq.test.siteAdmin.SiteAdmin_TC0041@4b23c30a]" name="TC0041" duration-ms="61865" started-at="2018-07-02T13:21:50Z" finished-at="2018-07-02T13:22:51Z">
          <reporter-output>
          </reporter-output>
        </test-method> <!-- TC0041 -->
        <test-method status="PASS" signature="tearDown()[pri:0, instance:com.highq.test.siteAdmin.SiteAdmin_TC0041@4b23c30a]" name="tearDown" is-config="true" duration-ms="755" started-at="2018-07-02T13:22:52Z" finished-at="2018-07-02T13:22:52Z">
          <reporter-output>
          </reporter-output>
        </test-method> <!-- tearDown -->
      </class> <!-- com.highq.test.siteAdmin.SiteAdmin_TC0041 -->
    </test> <!-- File  Module Online Office  -->
  </suite> <!-- Feature Suite 4.4 -->
</testng-results>
