<?xml version="1.0" encoding="UTF-8"?>
<testng-results skipped="0" failed="1" ignored="0" total="1" passed="0">
  <reporter-output>
  </reporter-output>
  <suite name="Feature Suite 4.4" duration-ms="74340" started-at="2018-06-29T10:31:08Z" finished-at="2018-06-29T10:32:22Z">
    <groups>
    </groups>
    <test name="File  Module Online Office " duration-ms="74340" started-at="2018-06-29T10:31:08Z" finished-at="2018-06-29T10:32:22Z">
      <class name="com.highq.test.siteAdmin.SiteAdmin_TC0041">
        <test-method status="PASS" signature="backupTestOutput()[pri:0, instance:com.highq.test.siteAdmin.SiteAdmin_TC0041@9ebe38b]" name="backupTestOutput" is-config="true" duration-ms="169" started-at="2018-06-29T16:01:07Z" finished-at="2018-06-29T16:01:08Z">
          <reporter-output>
          </reporter-output>
        </test-method> <!-- backupTestOutput -->
        <test-method status="PASS" signature="initializeDBParameter(java.lang.String, java.lang.String, java.lang.String, java.lang.String, java.lang.String, java.lang.String)[pri:0, instance:com.highq.test.siteAdmin.SiteAdmin_TC0041@9ebe38b]" name="initializeDBParameter" is-config="true" duration-ms="1" started-at="2018-06-29T16:01:08Z" finished-at="2018-06-29T16:01:08Z">
          <params>
            <param index="0">
              <value>
                <![CDATA[db5.prod.hqdev.india]]>
              </value>
            </param>
            <param index="1">
              <value>
                <![CDATA[1501]]>
              </value>
            </param>
            <param index="2">
              <value>
                <![CDATA[sa]]>
              </value>
            </param>
            <param index="3">
              <value>
                <![CDATA[Welcome123]]>
              </value>
            </param>
            <param index="4">
              <value>
                <![CDATA[Welcome123]]>
              </value>
            </param>
            <param index="5">
              <value>
                <![CDATA[collabscrum14]]>
              </value>
            </param>
          </params>
          <reporter-output>
          </reporter-output>
        </test-method> <!-- initializeDBParameter -->
        <test-method status="PASS" signature="initializeTestBaseSetup(java.lang.String, java.lang.String)[pri:0, instance:com.highq.test.siteAdmin.SiteAdmin_TC0041@9ebe38b]" name="initializeTestBaseSetup" is-config="true" duration-ms="13465" started-at="2018-06-29T16:01:08Z" finished-at="2018-06-29T16:01:21Z">
          <params>
            <param index="0">
              <value>
                <![CDATA[chrome]]>
              </value>
            </param>
            <param index="1">
              <value>
                <![CDATA[http://collabscrum14.hqdev.highq.com/collabscrum14]]>
              </value>
            </param>
          </params>
          <reporter-output>
          </reporter-output>
        </test-method> <!-- initializeTestBaseSetup -->
        <test-method status="PASS" signature="setUp()[pri:0, instance:com.highq.test.siteAdmin.SiteAdmin_TC0041@9ebe38b]" name="setUp" is-config="true" duration-ms="3986" started-at="2018-06-29T16:01:21Z" finished-at="2018-06-29T16:01:25Z">
          <reporter-output>
          </reporter-output>
        </test-method> <!-- setUp -->
        <test-method status="FAIL" signature="TC0041()[pri:1, instance:com.highq.test.siteAdmin.SiteAdmin_TC0041@9ebe38b]" name="TC0041" duration-ms="56665" started-at="2018-06-29T16:01:25Z" finished-at="2018-06-29T16:02:22Z">
          <exception class="java.lang.NullPointerException">
            <full-stacktrace>
              <![CDATA[java.lang.NullPointerException
	at com.google.common.base.Preconditions.checkNotNull(Preconditions.java:882)
	at org.openqa.selenium.support.ui.FluentWait.<init>(FluentWait.java:104)
	at org.openqa.selenium.support.ui.WebDriverWait.<init>(WebDriverWait.java:71)
	at org.openqa.selenium.support.ui.WebDriverWait.<init>(WebDriverWait.java:45)
	at com.highq.base.TestBaseSetup.areSpinnersLoaded(TestBaseSetup.java:469)
	at com.highq.base.TestBaseSetup.waitAndFindElement(TestBaseSetup.java:222)
	at com.highq.base.TestBaseSetup.findVisibleElement(TestBaseSetup.java:198)
	at com.highq.pageobjects.pages.LoginPageWeb.setEmailId(LoginPageWeb.java:38)
	at com.highq.pageobjects.pages.BannerPageWeb.login(BannerPageWeb.java:1035)
	at com.highq.test.siteAdmin.SiteAdmin_TC0041.preconfiguration(SiteAdmin_TC0041.java:42)
	at com.highq.test.siteAdmin.SiteAdmin_TC0041.TC0041(SiteAdmin_TC0041.java:36)
	at sun.reflect.NativeMethodAccessorImpl.invoke0(Native Method)
	at sun.reflect.NativeMethodAccessorImpl.invoke(NativeMethodAccessorImpl.java:62)
	at sun.reflect.DelegatingMethodAccessorImpl.invoke(DelegatingMethodAccessorImpl.java:43)
	at java.lang.reflect.Method.invoke(Method.java:497)
	at org.testng.internal.MethodInvocationHelper.invokeMethod(MethodInvocationHelper.java:104)
	at org.testng.internal.Invoker.invokeMethod(Invoker.java:645)
	at org.testng.internal.Invoker.invokeTestMethod(Invoker.java:851)
	at org.testng.internal.Invoker.invokeTestMethods(Invoker.java:1177)
	at org.testng.internal.TestMethodWorker.invokeTestMethods(TestMethodWorker.java:129)
	at org.testng.internal.TestMethodWorker.run(TestMethodWorker.java:112)
	at org.testng.TestRunner.privateRun(TestRunner.java:756)
	at org.testng.TestRunner.run(TestRunner.java:610)
	at org.testng.SuiteRunner.runTest(SuiteRunner.java:387)
	at org.testng.SuiteRunner.runSequentially(SuiteRunner.java:382)
	at org.testng.SuiteRunner.privateRun(SuiteRunner.java:340)
	at org.testng.SuiteRunner.run(SuiteRunner.java:289)
	at org.testng.SuiteRunnerWorker.runSuite(SuiteRunnerWorker.java:52)
	at org.testng.SuiteRunnerWorker.run(SuiteRunnerWorker.java:86)
	at org.testng.TestNG.runSuitesSequentially(TestNG.java:1293)
	at org.testng.TestNG.runSuitesLocally(TestNG.java:1218)
	at org.testng.TestNG.runSuites(TestNG.java:1133)
	at org.testng.TestNG.run(TestNG.java:1104)
	at org.testng.remote.AbstractRemoteTestNG.run(AbstractRemoteTestNG.java:114)
	at org.testng.remote.RemoteTestNG.initAndRun(RemoteTestNG.java:251)
	at org.testng.remote.RemoteTestNG.main(RemoteTestNG.java:77)
]]>
            </full-stacktrace>
          </exception> <!-- java.lang.NullPointerException -->
          <reporter-output>
          </reporter-output>
        </test-method> <!-- TC0041 -->
        <test-method status="FAIL" signature="tearDown()[pri:0, instance:com.highq.test.siteAdmin.SiteAdmin_TC0041@9ebe38b]" name="tearDown" is-config="true" duration-ms="0" started-at="2018-06-29T16:02:22Z" finished-at="2018-06-29T16:02:22Z">
          <exception class="java.lang.NullPointerException">
            <full-stacktrace>
              <![CDATA[java.lang.NullPointerException
	at com.highq.base.TestBaseSetup.tearDown(TestBaseSetup.java:380)
	at sun.reflect.NativeMethodAccessorImpl.invoke0(Native Method)
	at sun.reflect.NativeMethodAccessorImpl.invoke(NativeMethodAccessorImpl.java:62)
	at sun.reflect.DelegatingMethodAccessorImpl.invoke(DelegatingMethodAccessorImpl.java:43)
	at java.lang.reflect.Method.invoke(Method.java:497)
	at org.testng.internal.MethodInvocationHelper.invokeMethod(MethodInvocationHelper.java:104)
	at org.testng.internal.Invoker.invokeConfigurationMethod(Invoker.java:515)
	at org.testng.internal.Invoker.invokeConfigurations(Invoker.java:217)
	at org.testng.internal.Invoker.invokeConfigurations(Invoker.java:144)
	at org.testng.internal.TestMethodWorker.invokeAfterClassMethods(TestMethodWorker.java:217)
	at org.testng.internal.TestMethodWorker.run(TestMethodWorker.java:115)
	at org.testng.TestRunner.privateRun(TestRunner.java:756)
	at org.testng.TestRunner.run(TestRunner.java:610)
	at org.testng.SuiteRunner.runTest(SuiteRunner.java:387)
	at org.testng.SuiteRunner.runSequentially(SuiteRunner.java:382)
	at org.testng.SuiteRunner.privateRun(SuiteRunner.java:340)
	at org.testng.SuiteRunner.run(SuiteRunner.java:289)
	at org.testng.SuiteRunnerWorker.runSuite(SuiteRunnerWorker.java:52)
	at org.testng.SuiteRunnerWorker.run(SuiteRunnerWorker.java:86)
	at org.testng.TestNG.runSuitesSequentially(TestNG.java:1293)
	at org.testng.TestNG.runSuitesLocally(TestNG.java:1218)
	at org.testng.TestNG.runSuites(TestNG.java:1133)
	at org.testng.TestNG.run(TestNG.java:1104)
	at org.testng.remote.AbstractRemoteTestNG.run(AbstractRemoteTestNG.java:114)
	at org.testng.remote.RemoteTestNG.initAndRun(RemoteTestNG.java:251)
	at org.testng.remote.RemoteTestNG.main(RemoteTestNG.java:77)
]]>
            </full-stacktrace>
          </exception> <!-- java.lang.NullPointerException -->
          <reporter-output>
          </reporter-output>
        </test-method> <!-- tearDown -->
      </class> <!-- com.highq.test.siteAdmin.SiteAdmin_TC0041 -->
    </test> <!-- File  Module Online Office  -->
  </suite> <!-- Feature Suite 4.4 -->
</testng-results>
