<?xml version="1.0" encoding="UTF-8"?>
<testng-results skipped="0" failed="0" ignored="0" total="1" passed="1">
  <reporter-output>
  </reporter-output>
  <suite name="Feature Suite 4.4" duration-ms="254823" started-at="2018-07-02T09:20:33Z" finished-at="2018-07-02T09:24:48Z">
    <groups>
    </groups>
    <test name="File  Module Online Office " duration-ms="254823" started-at="2018-07-02T09:20:33Z" finished-at="2018-07-02T09:24:48Z">
      <class name="com.highq.test.siteAdmin.SiteAdmin_TC0041">
        <test-method status="PASS" signature="backupTestOutput()[pri:0, instance:com.highq.test.siteAdmin.SiteAdmin_TC0041@6def1699]" name="backupTestOutput" is-config="true" duration-ms="228" started-at="2018-07-02T14:50:32Z" finished-at="2018-07-02T14:50:33Z">
          <reporter-output>
          </reporter-output>
        </test-method> <!-- backupTestOutput -->
        <test-method status="PASS" signature="initializeDBParameter(java.lang.String, java.lang.String, java.lang.String, java.lang.String, java.lang.String, java.lang.String)[pri:0, instance:com.highq.test.siteAdmin.SiteAdmin_TC0041@6def1699]" name="initializeDBParameter" is-config="true" duration-ms="3" started-at="2018-07-02T14:50:33Z" finished-at="2018-07-02T14:50:33Z">
          <params>
            <param index="0">
              <value>
                <![CDATA[db5.prod.hqdev.india]]>
              </value>
            </param>
            <param index="1">
              <value>
                <![CDATA[1501]]>
              </value>
            </param>
            <param index="2">
              <value>
                <![CDATA[sa]]>
              </value>
            </param>
            <param index="3">
              <value>
                <![CDATA[Welcome123]]>
              </value>
            </param>
            <param index="4">
              <value>
                <![CDATA[Welcome123]]>
              </value>
            </param>
            <param index="5">
              <value>
                <![CDATA[collabscrum14]]>
              </value>
            </param>
          </params>
          <reporter-output>
          </reporter-output>
        </test-method> <!-- initializeDBParameter -->
        <test-method status="PASS" signature="initializeTestBaseSetup(java.lang.String, java.lang.String)[pri:0, instance:com.highq.test.siteAdmin.SiteAdmin_TC0041@6def1699]" name="initializeTestBaseSetup" is-config="true" duration-ms="5883" started-at="2018-07-02T14:50:33Z" finished-at="2018-07-02T14:50:39Z">
          <params>
            <param index="0">
              <value>
                <![CDATA[chrome]]>
              </value>
            </param>
            <param index="1">
              <value>
                <![CDATA[http://collabscrum14.hqdev.highq.com/collabscrum14]]>
              </value>
            </param>
          </params>
          <reporter-output>
          </reporter-output>
        </test-method> <!-- initializeTestBaseSetup -->
        <test-method status="PASS" signature="setUp()[pri:0, instance:com.highq.test.siteAdmin.SiteAdmin_TC0041@6def1699]" name="setUp" is-config="true" duration-ms="1" started-at="2018-07-02T14:50:39Z" finished-at="2018-07-02T14:50:39Z">
          <reporter-output>
          </reporter-output>
        </test-method> <!-- setUp -->
        <test-method status="PASS" signature="TC0041()[pri:1, instance:com.highq.test.siteAdmin.SiteAdmin_TC0041@6def1699]" name="TC0041" duration-ms="247880" started-at="2018-07-02T14:50:39Z" finished-at="2018-07-02T14:54:47Z">
          <reporter-output>
          </reporter-output>
        </test-method> <!-- TC0041 -->
        <test-method status="PASS" signature="tearDown()[pri:0, instance:com.highq.test.siteAdmin.SiteAdmin_TC0041@6def1699]" name="tearDown" is-config="true" duration-ms="842" started-at="2018-07-02T14:54:47Z" finished-at="2018-07-02T14:54:48Z">
          <reporter-output>
          </reporter-output>
        </test-method> <!-- tearDown -->
      </class> <!-- com.highq.test.siteAdmin.SiteAdmin_TC0041 -->
    </test> <!-- File  Module Online Office  -->
  </suite> <!-- Feature Suite 4.4 -->
</testng-results>
